Traceback (most recent call last):
  File "/home/z/my-project/mini-services/voice-service/server.py", line 184, in <module>
    server = HTTPServer(("0.0.0.0", PORT), VoiceHandler)
             ^^^^^^^^^^^^^^^^^^^^^^^^^^^^^^^^^^^^^^^^^^^
  File "/home/z/.local/share/uv/python/cpython-3.12.13-linux-x86_64-gnu/lib/python3.12/socketserver.py", line 457, in __init__
    self.server_bind()
  File "/home/z/.local/share/uv/python/cpython-3.12.13-linux-x86_64-gnu/lib/python3.12/http/server.py", line 140, in server_bind
    socketserver.TCPServer.server_bind(self)
  File "/home/z/.local/share/uv/python/cpython-3.12.13-linux-x86_64-gnu/lib/python3.12/socketserver.py", line 478, in server_bind
    self.socket.bind(self.server_address)
OSError: [Errno 98] Address already in use
Traceback (most recent call last):
  File "/home/z/my-project/mini-services/voice-service/server.py", line 184, in <module>
    server = HTTPServer(("0.0.0.0", PORT), VoiceHandler)
             ^^^^^^^^^^^^^^^^^^^^^^^^^^^^^^^^^^^^^^^^^^^
  File "/home/z/.local/share/uv/python/cpython-3.12.13-linux-x86_64-gnu/lib/python3.12/socketserver.py", line 457, in __init__
    self.server_bind()
  File "/home/z/.local/share/uv/python/cpython-3.12.13-linux-x86_64-gnu/lib/python3.12/http/server.py", line 140, in server_bind
    socketserver.TCPServer.server_bind(self)
  File "/home/z/.local/share/uv/python/cpython-3.12.13-linux-x86_64-gnu/lib/python3.12/socketserver.py", line 478, in server_bind
    self.socket.bind(self.server_address)
OSError: [Errno 98] Address already in use
Traceback (most recent call last):
  File "/home/z/my-project/mini-services/voice-service/server.py", line 184, in <module>
    server = HTTPServer(("0.0.0.0", PORT), VoiceHandler)
             ^^^^^^^^^^^^^^^^^^^^^^^^^^^^^^^^^^^^^^^^^^^
  File "/home/z/.local/share/uv/python/cpython-3.12.13-linux-x86_64-gnu/lib/python3.12/socketserver.py", line 457, in __init__
    self.server_bind()
  File "/home/z/.local/share/uv/python/cpython-3.12.13-linux-x86_64-gnu/lib/python3.12/http/server.py", line 140, in server_bind
    socketserver.TCPServer.server_bind(self)
  File "/home/z/.local/share/uv/python/cpython-3.12.13-linux-x86_64-gnu/lib/python3.12/socketserver.py", line 478, in server_bind
    self.socket.bind(self.server_address)
OSError: [Errno 98] Address already in use
Traceback (most recent call last):
  File "/home/z/my-project/mini-services/voice-service/server.py", line 184, in <module>
    server = HTTPServer(("0.0.0.0", PORT), VoiceHandler)
             ^^^^^^^^^^^^^^^^^^^^^^^^^^^^^^^^^^^^^^^^^^^
  File "/home/z/.local/share/uv/python/cpython-3.12.13-linux-x86_64-gnu/lib/python3.12/socketserver.py", line 457, in __init__
    self.server_bind()
  File "/home/z/.local/share/uv/python/cpython-3.12.13-linux-x86_64-gnu/lib/python3.12/http/server.py", line 140, in server_bind
    socketserver.TCPServer.server_bind(self)
  File "/home/z/.local/share/uv/python/cpython-3.12.13-linux-x86_64-gnu/lib/python3.12/socketserver.py", line 478, in server_bind
    self.socket.bind(self.server_address)
OSError: [Errno 98] Address already in use
Traceback (most recent call last):
  File "/home/z/my-project/mini-services/voice-service/server.py", line 184, in <module>
    server = HTTPServer(("0.0.0.0", PORT), VoiceHandler)
             ^^^^^^^^^^^^^^^^^^^^^^^^^^^^^^^^^^^^^^^^^^^
  File "/home/z/.local/share/uv/python/cpython-3.12.13-linux-x86_64-gnu/lib/python3.12/socketserver.py", line 457, in __init__
    self.server_bind()
  File "/home/z/.local/share/uv/python/cpython-3.12.13-linux-x86_64-gnu/lib/python3.12/http/server.py", line 140, in server_bind
    socketserver.TCPServer.server_bind(self)
  File "/home/z/.local/share/uv/python/cpython-3.12.13-linux-x86_64-gnu/lib/python3.12/socketserver.py", line 478, in server_bind
    self.socket.bind(self.server_address)
OSError: [Errno 98] Address already in use
Traceback (most recent call last):
  File "/home/z/my-project/mini-services/voice-service/server.py", line 184, in <module>
    server = HTTPServer(("0.0.0.0", PORT), VoiceHandler)
             ^^^^^^^^^^^^^^^^^^^^^^^^^^^^^^^^^^^^^^^^^^^
  File "/home/z/.local/share/uv/python/cpython-3.12.13-linux-x86_64-gnu/lib/python3.12/socketserver.py", line 457, in __init__
    self.server_bind()
  File "/home/z/.local/share/uv/python/cpython-3.12.13-linux-x86_64-gnu/lib/python3.12/http/server.py", line 140, in server_bind
    socketserver.TCPServer.server_bind(self)
  File "/home/z/.local/share/uv/python/cpython-3.12.13-linux-x86_64-gnu/lib/python3.12/socketserver.py", line 478, in server_bind
    self.socket.bind(self.server_address)
OSError: [Errno 98] Address already in use
Traceback (most recent call last):
  File "/home/z/my-project/mini-services/voice-service/server.py", line 184, in <module>
    server = HTTPServer(("0.0.0.0", PORT), VoiceHandler)
             ^^^^^^^^^^^^^^^^^^^^^^^^^^^^^^^^^^^^^^^^^^^
  File "/home/z/.local/share/uv/python/cpython-3.12.13-linux-x86_64-gnu/lib/python3.12/socketserver.py", line 457, in __init__
    self.server_bind()
  File "/home/z/.local/share/uv/python/cpython-3.12.13-linux-x86_64-gnu/lib/python3.12/http/server.py", line 140, in server_bind
    socketserver.TCPServer.server_bind(self)
  File "/home/z/.local/share/uv/python/cpython-3.12.13-linux-x86_64-gnu/lib/python3.12/socketserver.py", line 478, in server_bind
    self.socket.bind(self.server_address)
OSError: [Errno 98] Address already in use
