$ bun --hot index.ts
Health check available at http://localhost:3004/health
AI OS WebSocket server running on port 3003
Health check available at http://localhost:3004/health
AI OS WebSocket server running on port 3003
Health check available at http://localhost:3004/health
AI OS WebSocket server running on port 3003
Health check available at http://localhost:3004/health
AI OS WebSocket server running on port 3003
[connection] Client connected: sHJH231i3X00gWEAAAAB (total: 1)
[connection] Client connected: bVmqVospRQIW65npAAAD (total: 2)
[disconnect] Client disconnected: sHJH231i3X00gWEAAAAB reason=transport close (total: 1)
[connection] Client connected: q9OH8kYJFtHPI5BhAAAF (total: 2)
[disconnect] Client disconnected: bVmqVospRQIW65npAAAD reason=transport close (total: 1)
[connection] Client connected: VFfrm3JNw-0heeTAAAAH (total: 2)
[disconnect] Client disconnected: q9OH8kYJFtHPI5BhAAAF reason=transport close (total: 1)
[disconnect] Client disconnected: VFfrm3JNw-0heeTAAAAH reason=transport close (total: 0)
[connection] Client connected: V11DHItV_HIeg1GnAAAJ (total: 1)
[connection] Client connected: a_WNvuIkCpov2geAAAAL (total: 2)
[disconnect] Client disconnected: V11DHItV_HIeg1GnAAAJ reason=transport close (total: 1)
[connection] Client connected: PynLytyurNPkS-j2AAAN (total: 2)
[disconnect] Client disconnected: a_WNvuIkCpov2geAAAAL reason=ping timeout (total: 1)
[disconnect] Client disconnected: PynLytyurNPkS-j2AAAN reason=ping timeout (total: 0)
[connection] Client connected: k4rZeSKwyjY85HFGAAAP (total: 1)
[connection] Client connected: G5dXonQD5xnvkL-wAAAR (total: 2)
[disconnect] Client disconnected: k4rZeSKwyjY85HFGAAAP reason=transport close (total: 1)
[connection] Client connected: RLhmWfscUKvnaNmIAAAT (total: 2)
[disconnect] Client disconnected: G5dXonQD5xnvkL-wAAAR reason=transport close (total: 1)
[connection] Client connected: lBuMdS1VBamI-bTRAAAV (total: 2)
[disconnect] Client disconnected: RLhmWfscUKvnaNmIAAAT reason=transport close (total: 1)
[connection] Client connected: 7D_MxPJiCCBpT9KYAAAX (total: 2)
[disconnect] Client disconnected: lBuMdS1VBamI-bTRAAAV reason=transport close (total: 1)
[connection] Client connected: z-1WMnRhqrjIwfiyAAAZ (total: 2)
[disconnect] Client disconnected: 7D_MxPJiCCBpT9KYAAAX reason=transport close (total: 1)
[disconnect] Client disconnected: z-1WMnRhqrjIwfiyAAAZ reason=ping timeout (total: 0)
[connection] Client connected: v2BvMQxNUKpJYLkJAAAb (total: 1)
[disconnect] Client disconnected: v2BvMQxNUKpJYLkJAAAb reason=transport close (total: 0)
[connection] Client connected: nI9eMsGAfmhcX4e3AAAd (total: 1)
[connection] Client connected: pvntxhUWGQicIUyGAAAf (total: 2)
[disconnect] Client disconnected: nI9eMsGAfmhcX4e3AAAd reason=transport close (total: 1)
[connection] Client connected: ehjMcve-B6YL5u0EAAAh (total: 2)
[disconnect] Client disconnected: pvntxhUWGQicIUyGAAAf reason=transport close (total: 1)
[connection] Client connected: KyR0qchisbmxcyaGAAAj (total: 2)
[disconnect] Client disconnected: ehjMcve-B6YL5u0EAAAh reason=transport close (total: 1)
[disconnect] Client disconnected: KyR0qchisbmxcyaGAAAj reason=transport close (total: 0)
[connection] Client connected: zVEzObsX9nAWjgtjAAAl (total: 1)
[connection] Client connected: 0ZC-JsUIagGVwKxeAAAn (total: 2)
[disconnect] Client disconnected: zVEzObsX9nAWjgtjAAAl reason=transport close (total: 1)
[connection] Client connected: 32QWBmhd9zaXosENAAAp (total: 2)
[disconnect] Client disconnected: 0ZC-JsUIagGVwKxeAAAn reason=transport close (total: 1)
[disconnect] Client disconnected: 32QWBmhd9zaXosENAAAp reason=transport close (total: 0)
[connection] Client connected: yMTCyiSzHQUn1iryAAAr (total: 1)
[connection] Client connected: lmD2oSuVpfqQ7xuyAAAt (total: 2)
[disconnect] Client disconnected: yMTCyiSzHQUn1iryAAAr reason=transport close (total: 1)
Health check available at http://localhost:3004/health
AI OS WebSocket server running on port 3003
[connection] Client connected: JUNLsu0pTxqDfs3wAAAB (total: 1)
